<?xml version="1.0" encoding="UTF-8"?>
<!-- Generated by org.testng.reporters.JUnitReportReporter -->
<testsuite hostname="Lenovo-PC" failures="0" tests="1" name="DriverScript.AppTesting" time="243.306" errors="0" timestamp="06 Apr 2018 04:50:17 GMT" skipped="0">
  <testcase classname="DriverScript.AppTesting" name="startAppTest" time="243.306"/>
</testsuite> <!-- DriverScript.AppTesting -->
