<?xml version="1.0" encoding="UTF-8"?>
<!-- Generated by org.testng.reporters.JUnitReportReporter -->
<testsuite hostname="Lenovo-PC" failures="0" tests="1" name="CommonFunctions.CommonFunctionality" time="46.323" errors="0" timestamp="31 Mar 2018 16:35:31 GMT" skipped="0">
  <testcase classname="CommonFunctions.CommonFunctionality" name="startBrowser" time="46.323"/>
</testsuite> <!-- CommonFunctions.CommonFunctionality -->
