<?xml version="1.0" encoding="UTF-8"?>
<!-- Generated by org.testng.reporters.JUnitReportReporter -->
<testsuite hostname="Lenovo-PC" failures="0" tests="1" name="DriverScript.AppTesting" time="100.130" errors="0" timestamp="04 Apr 2018 10:33:23 GMT" skipped="0">
  <testcase classname="DriverScript.AppTesting" name="startAppTest" time="100.130"/>
</testsuite> <!-- DriverScript.AppTesting -->
