<?xml version="1.0" encoding="UTF-8"?>
<!-- Generated by org.testng.reporters.JUnitReportReporter -->
<testsuite hostname="Lenovo-PC" failures="0" tests="1" name="AppTest.test" time="54.683" errors="0" timestamp="02 Apr 2018 13:51:51 GMT" skipped="0">
  <testcase classname="AppTest.test" name="testing" time="54.683"/>
</testsuite> <!-- AppTest.test -->
